<?xml version="1.0" encoding="utf-8"?><testsuites name="pytest tests"><testsuite name="pytest" errors="0" failures="0" skipped="0" tests="8" time="1.786" timestamp="2026-07-16T10:44:12.767859+00:00" hostname="agent-env-7feda39a-581d-4f1c-9c48-16c358719a65"><testcase classname="test_new_endpoints.TestHealth" name="test_health_shape" time="0.588" /><testcase classname="test_new_endpoints.TestHealth" name="test_health_requires_auth" time="0.080" /><testcase classname="test_new_endpoints.TestEmergencyAbort" name="test_abort_returns_ok_and_creates_log" time="0.232" /><testcase classname="test_new_endpoints.TestEmergencyAbort" name="test_abort_requires_auth" time="0.079" /><testcase classname="test_new_endpoints.TestMissionPDF" name="test_pdf_returns_valid_file" time="0.253" /><testcase classname="test_new_endpoints.TestMissionPDF" name="test_pdf_requires_auth" time="0.124" /><testcase classname="test_new_endpoints.TestWebSocketRegression" name="test_ws_hello_frame" time="0.214" /><testcase classname="test_new_endpoints.TestWebSocketRegression" name="test_ws_no_token_rejected" time="0.136" /></testsuite></testsuites>