<?xml version="1.0" encoding="utf-8"?><testsuites name="pytest tests"><testsuite name="pytest" errors="0" failures="0" skipped="0" tests="29" time="5.521" timestamp="2026-07-16T10:44:21.890894+00:00" hostname="agent-env-7feda39a-581d-4f1c-9c48-16c358719a65"><testcase classname="test_backend.TestAuth" name="test_login_success" time="0.394" /><testcase classname="test_backend.TestAuth" name="test_login_wrong_password" time="0.276" /><testcase classname="test_backend.TestAuth" name="test_me_with_token" time="0.355" /><testcase classname="test_backend.TestAuth" name="test_me_without_token" time="0.075" /><testcase classname="test_backend.TestDetections" name="test_list_seeded" time="0.134" /><testcase classname="test_backend.TestDetections" name="test_simulate_increases_count" time="0.306" /><testcase classname="test_backend.TestDetections" name="test_upload_returns_detection_with_meta" time="0.082" /><testcase classname="test_backend.TestDetections" name="test_cema_advance" time="0.255" /><testcase classname="test_backend.TestDetections" name="test_killchain_advance" time="0.219" /><testcase classname="test_backend.TestSpectrum" name="test_waterfall_shape" time="0.084" /><testcase classname="test_backend.TestMavlink" name="test_craft_v2_command_long" time="0.074" /><testcase classname="test_backend.TestMavlink" name="test_craft_v1" time="0.115" /><testcase classname="test_backend.TestMavlink" name="test_broadcast_persists_and_listed" time="0.184" /><testcase classname="test_backend.TestPayloads" name="test_list_payloads" time="0.075" /><testcase classname="test_backend.TestPayloads" name="test_deploy_target_pl005" time="0.233" /><testcase classname="test_backend.TestPayloads" name="test_deploy_unknown_payload_id" time="0.115" /><testcase classname="test_backend.TestPayloads" name="test_deploy_missing_target_no_broadcast" time="0.085" /><testcase classname="test_backend.TestPayloads" name="test_deploy_broadcast_pl010_neutralizes_all_active" time="0.530" /><testcase classname="test_backend.TestLogs" name="test_logs_have_prior_actions" time="0.082" /><testcase classname="test_backend.TestWebSocket" name="test_ws_no_token_rejected" time="0.138" /><testcase classname="test_backend.TestWebSocket" name="test_ws_receives_broadcast_packet" time="0.238" /><testcase classname="test_new_endpoints.TestHealth" name="test_health_shape" time="0.391" /><testcase classname="test_new_endpoints.TestHealth" name="test_health_requires_auth" time="0.095" /><testcase classname="test_new_endpoints.TestEmergencyAbort" name="test_abort_returns_ok_and_creates_log" time="0.225" /><testcase classname="test_new_endpoints.TestEmergencyAbort" name="test_abort_requires_auth" time="0.100" /><testcase classname="test_new_endpoints.TestMissionPDF" name="test_pdf_returns_valid_file" time="0.125" /><testcase classname="test_new_endpoints.TestMissionPDF" name="test_pdf_requires_auth" time="0.077" /><testcase classname="test_new_endpoints.TestWebSocketRegression" name="test_ws_hello_frame" time="0.209" /><testcase classname="test_new_endpoints.TestWebSocketRegression" name="test_ws_no_token_rejected" time="0.163" /></testsuite></testsuites>