<?xml version="1.0" encoding="utf-8"?><testsuites name="pytest tests"><testsuite name="pytest" errors="0" failures="0" skipped="0" tests="21" time="4.486" timestamp="2026-07-15T13:39:32.496348+00:00" hostname="agent-env-7feda39a-581d-4f1c-9c48-16c358719a65"><testcase classname="test_backend.TestAuth" name="test_login_success" time="0.371" /><testcase classname="test_backend.TestAuth" name="test_login_wrong_password" time="0.265" /><testcase classname="test_backend.TestAuth" name="test_me_with_token" time="0.387" /><testcase classname="test_backend.TestAuth" name="test_me_without_token" time="0.109" /><testcase classname="test_backend.TestDetections" name="test_list_seeded" time="0.143" /><testcase classname="test_backend.TestDetections" name="test_simulate_increases_count" time="0.266" /><testcase classname="test_backend.TestDetections" name="test_upload_returns_detection_with_meta" time="0.091" /><testcase classname="test_backend.TestDetections" name="test_cema_advance" time="0.363" /><testcase classname="test_backend.TestDetections" name="test_killchain_advance" time="0.188" /><testcase classname="test_backend.TestSpectrum" name="test_waterfall_shape" time="0.130" /><testcase classname="test_backend.TestMavlink" name="test_craft_v2_command_long" time="0.085" /><testcase classname="test_backend.TestMavlink" name="test_craft_v1" time="0.084" /><testcase classname="test_backend.TestMavlink" name="test_broadcast_persists_and_listed" time="0.177" /><testcase classname="test_backend.TestPayloads" name="test_list_payloads" time="0.085" /><testcase classname="test_backend.TestPayloads" name="test_deploy_target_pl005" time="0.324" /><testcase classname="test_backend.TestPayloads" name="test_deploy_unknown_payload_id" time="0.102" /><testcase classname="test_backend.TestPayloads" name="test_deploy_missing_target_no_broadcast" time="0.081" /><testcase classname="test_backend.TestPayloads" name="test_deploy_broadcast_pl010_neutralizes_all_active" time="0.604" /><testcase classname="test_backend.TestLogs" name="test_logs_have_prior_actions" time="0.094" /><testcase classname="test_backend.TestWebSocket" name="test_ws_no_token_rejected" time="0.188" /><testcase classname="test_backend.TestWebSocket" name="test_ws_receives_broadcast_packet" time="0.268" /></testsuite></testsuites>